<?xml version="1.0" encoding="UTF-8"?>
<testng-results ignored="0" total="1" passed="1" failed="0" skipped="0">
  <reporter-output>
  </reporter-output>
  <suite started-at="2025-01-23T12:52:38 IST" name="Suite" finished-at="2025-01-23T12:53:06 IST" duration-ms="27595">
    <groups>
    </groups>
    <test started-at="2025-01-23T12:52:38 IST" name="Test" finished-at="2025-01-23T12:53:06 IST" duration-ms="27595">
      <class name="LoginTest">
        <test-method is-config="true" signature="setup()[pri:0, instance:LoginTest@591e58fa]" started-at="2025-01-23T12:52:38 IST" name="setup" finished-at="2025-01-23T12:52:46 IST" duration-ms="7663" status="PASS">
          <reporter-output>
          </reporter-output>
        </test-method> <!-- setup -->
        <test-method signature="testLoginAndDashboard()[pri:0, instance:LoginTest@591e58fa]" started-at="2025-01-23T12:52:46 IST" name="testLoginAndDashboard" finished-at="2025-01-23T12:52:54 IST" duration-ms="8531" status="PASS">
          <reporter-output>
          </reporter-output>
        </test-method> <!-- testLoginAndDashboard -->
        <test-method is-config="true" signature="tearDown()[pri:0, instance:LoginTest@591e58fa]" started-at="2025-01-23T12:52:54 IST" name="tearDown" finished-at="2025-01-23T12:53:06 IST" duration-ms="11356" status="PASS">
          <reporter-output>
          </reporter-output>
        </test-method> <!-- tearDown -->
      </class> <!-- LoginTest -->
    </test> <!-- Test -->
  </suite> <!-- Suite -->
</testng-results>
