<?xml version="1.0" encoding="UTF-8"?>
<testng-results ignored="0" total="1" passed="1" failed="0" skipped="0">
  <reporter-output>
  </reporter-output>
  <suite started-at="2025-01-24T07:29:43 IST" name="Default suite" finished-at="2025-01-24T07:30:19 IST" duration-ms="36464">
    <groups>
    </groups>
    <test started-at="2025-01-24T07:29:43 IST" name="Default test" finished-at="2025-01-24T07:30:19 IST" duration-ms="36464">
      <class name="LoginTest">
        <test-method is-config="true" signature="setup()[pri:0, instance:LoginTest@6b81ce95]" started-at="2025-01-24T07:29:43 IST" name="setup" finished-at="2025-01-24T07:29:58 IST" duration-ms="15214" status="PASS">
          <reporter-output>
          </reporter-output>
        </test-method> <!-- setup -->
        <test-method signature="testLoginAndDashboard()[pri:0, instance:LoginTest@6b81ce95]" started-at="2025-01-24T07:29:58 IST" name="testLoginAndDashboard" finished-at="2025-01-24T07:30:09 IST" duration-ms="11211" status="PASS">
          <reporter-output>
          </reporter-output>
        </test-method> <!-- testLoginAndDashboard -->
        <test-method is-config="true" signature="tearDown()[pri:0, instance:LoginTest@6b81ce95]" started-at="2025-01-24T07:30:09 IST" name="tearDown" finished-at="2025-01-24T07:30:19 IST" duration-ms="10006" status="PASS">
          <reporter-output>
          </reporter-output>
        </test-method> <!-- tearDown -->
      </class> <!-- LoginTest -->
    </test> <!-- Default test -->
  </suite> <!-- Default suite -->
</testng-results>
